Turbo Assembler	 Version 5.4	    12-01-17 01:31:37	    Page 1
..\..\STARTFIN.ASM\ENTRYBIN.ASM



      1				     ;/**************************************************************************/
      2				     ;/*			      entrybin.asm				*/
      3				     ;/**************************************************************************/
      4				     ;/*    Modulo vacio para determinar el punto de entrada del ejecutable	*/
      5				     ;/*									*/
      6				     ;/**************************************************************************/
      7
      8				     EXTRN _startBin
      9
     10				     END _startBin
Turbo Assembler	 Version 5.4	    12-01-17 01:31:37	    Page 2
Symbol Table




Symbol Name		Type   Value			   Cref	(defined at #)

??date			Text   "12-01-17"
??filename		Text   "ENTRYBIN"
??time			Text   "01:31:37"
??version		Number 0504
@Cpu			Text   0101H
@FileName		Text   ENTRYBIN
_startBin		Word   ----:---- Extern		   #8  10
