Turbo Assembler	 Version 5.4	    12-01-17 01:31:37	    Page 1
..\..\STARTFIN.ASM\ENTRYBPB.ASM



      1				     ;/**************************************************************************/
      2				     ;/*			      entryBPB.asm				*/
      3				     ;/**************************************************************************/
      4				     ;/*	Modulo vacio para determinar el	punto de entrada del BPB	*/
      5				     ;/*									*/
      6				     ;/**************************************************************************/
      7
      8				     EXTRN _startBPB
      9
     10				     END _startBPB
Turbo Assembler	 Version 5.4	    12-01-17 01:31:37	    Page 2
Symbol Table




Symbol Name		Type   Value			   Cref	(defined at #)

??date			Text   "12-01-17"
??filename		Text   "ENTRYBPB"
??time			Text   "01:31:37"
??version		Number 0504
@Cpu			Text   0101H
@FileName		Text   ENTRYBPB
_startBPB		Word   ----:---- Extern		   #8  10
