--------------------------------------------------------
OpenGLide Log File
--------------------------------------------------------
***** OpenGLide 0.09rc9 *****
--------------------------------------------------------
Date: 08/28/17
Time: 12:34:30
--------------------------------------------------------
--------------------------------------------------------
Clock Frequency: 2693.76 Mhz
--------------------------------------------------------
--------------------------------------------------------
Configuration file is glide.ini
--------------------------------------------------------
Wrapper Class Priority of 32
Wrapper Priority of 2
--------------------------------------------------------
--------------------------------------------------------
Time: 12:35:8
--------------------------------------------------------
