JWasm v2.12pre, Nov 27 2013
ASM\N_SCOPY.ASM
                                ;[]-----------------------------------------------------------------[]
                                ;|      N_SCOPY.ASM -- near struct copy routine                      |
                                ;[]-----------------------------------------------------------------[]

                                ;
                                ;       C/C++ Run Time Library - Version 5.0
                                ; 
                                ;       Copyright (c) 1987, 1992 by Borland International
                                ;       All Rights Reserved.
                                ; 

                                ;               INCLUDE RULES.ASI

                                ; calls to this routine are generated by the compiler to copy
                                ; one "struct" value to another
                                ;
                                ; On entry:
                                ;
                                ;       CX      = Number of bytes to copy


00000000                        _TEXT           SEGMENT
                                                ASSUME  CS:_TEXT

                                                public  N_SCOPY@

00000000                        N_SCOPY@:
00000000  55                                    push    bp
00000001  8BEC                                  mov     bp,sp
00000003  56                                    push    si
00000004  57                                    push    di
00000005  1E                                    push    ds
00000006  C57604                                lds     si,dword ptr 4[bp]
00000009  C47E08                                les     di,dword ptr 8[bp]
0000000C  FC                                    cld
0000000D  D1E9                                  shr     cx, 1
0000000F  F3A5                                  rep     movsw
00000011  13C9                                  adc     cx, cx
00000013  F3A4                                  rep     movsb
00000015  1F                                    pop     ds
00000016  5F                                    pop     di
00000017  5E                                    pop     si
00000018  5D                                    pop     bp
00000019  C20800                                ret     8

0000001C                        _TEXT           ENDS
                                                END


Macros:

                N a m e                 Type

@CatStr  . . . . . . . . . . . .        Func
@Environ . . . . . . . . . . . .        Func
@InStr . . . . . . . . . . . . .        Func
@SizeStr . . . . . . . . . . . .        Func
@SubStr  . . . . . . . . . . . .        Func


Segments and Groups:

                N a m e                 Size     Length   Align   Combine Class

$$SYMBOLS  . . . . . . . . . . .        32 Bit   0000003E Byte    Private 'DEBSYM'
$$TYPES  . . . . . . . . . . . .        32 Bit   00000004 Byte    Private 'DEBTYP'
_TEXT  . . . . . . . . . . . . .        16 Bit   001C     Para    Private ''


Symbols:

                N a m e                 Type       Value     Attr

??version  . . . . . . . . . . .        Text   0504
?debug . . . . . . . . . . . . .        Text   ;
N_SCOPY@ . . . . . . . . . . . .        L Near             0h _TEXT Public 

ASM\N_SCOPY.ASM: 47 lines, 2 passes, 0 ms, 1 warnings, 0 errors
