Turbo Assembler	 Version 5.4	    08-28-17 13:03:16	    Page 1
..\STARTFIN.ASM\ENTRYEXE.ASM



      1				     ;/**************************************************************************/
      2				     ;/*			      entryexe.asm				*/
      3				     ;/**************************************************************************/
      4				     ;/*    Modulo vacio para determinar el punto de entrada del ejecutable	*/
      5				     ;/*									*/
      6				     ;/**************************************************************************/
      7
      8				     EXTRN _startExe
      9
     10				     END _startExe
Turbo Assembler	 Version 5.4	    08-28-17 13:03:16	    Page 2
Symbol Table




Symbol Name		Type   Value			   Cref	(defined at #)

??date			Text   "08-28-17"
??filename		Text   "ENTRYEXE"
??time			Text   "13:03:16"
??version		Number 0504
@Cpu			Text   0101H
@FileName		Text   ENTRYEXE
_startExe		Word   ----:---- Extern		   #8  10
