Turbo Assembler	 Version 5.4	    12-01-17 01:31:19	    Page 1
..\STARTFIN.ASM\FINBSS.ASM



      1				     ;/**************************************************************************/
      2				     ;/*			       finbss.asm				*/
      3				     ;/**************************************************************************/
      4				     ;/*    Funcion nula en el segmento	BSS para determinar algun punto	de	*/
      5				     ;/*		ese segmento en	el momento del enlazado			*/
      6				     ;/**************************************************************************/
      7
      8	0000			     _BSS segment word public 'BSS'
      9
     10	0000			     _finBSS proc near
     11				       ; aqui no hay nada de nada
     12	0000			     _finBSS endp
     13
     14				     public _finBSS
     15
     16	0000			     _BSS ends
     17
     18				     END
Turbo Assembler	 Version 5.4	    12-01-17 01:31:19	    Page 2
Symbol Table




Symbol Name		Type   Value			   Cref	(defined at #)

??date			Text   "12-01-17"
??filename		Text   "FINBSS	"
??time			Text   "01:31:19"
??version		Number 0504
@Cpu			Text   0101H
@FileName		Text   FINBSS
@WordSize		Text   2			   #8
@curseg			Text   _BSS			   #8
_finBSS			Near16 _BSS:0000		   #10	14

Groups & Segments	Bit Size Align	Combine	Class	   Cref	(defined at #)

_BSS			16  0000 Word	Public	BSS	   #8
